{"level":"info","message":">>>>>> START    TRANSACTION","timestamp":"2024-07-02T13:15:16.376Z"}
{"level":"info","message":{"data":{"email":"string","name":"string","something":"20"},"name":"RegisterUniquePerson","type":"request"},"timestamp":"2024-07-02T13:15:16.378Z"}
{"level":"info","message":{"data":{"email":"string"},"name":"FindOnePersonByEmail","type":"request"},"timestamp":"2024-07-02T13:15:16.378Z"}
{"level":"info","message":{"data":{"email":"string","id":"47b05876-1874-439f-9bcf-ca0f161969d3","name":"string"},"name":"FindOnePersonByEmail","type":"response"},"timestamp":"2024-07-02T13:15:16.389Z"}
{"level":"info","message":">>>>>> ROLLBACK TRANSACTION","timestamp":"2024-07-02T13:15:16.389Z"}

{"level":"info","message":{"data":{"email":"string","name":"string","something":"20"},"name":"RegisterUniquePerson","type":"request"},"timestamp":"2024-07-02T13:15:44.432Z"}
{"level":"info","message":">>>>>> START    TRANSACTION","timestamp":"2024-07-02T13:15:44.436Z"}
{"level":"info","message":{"data":{"email":"string"},"name":"FindOnePersonByEmail","type":"request"},"timestamp":"2024-07-02T13:15:44.436Z"}
{"level":"info","message":{"data":{"email":"string","id":"47b05876-1874-439f-9bcf-ca0f161969d3","name":"string"},"name":"FindOnePersonByEmail","type":"response"},"timestamp":"2024-07-02T13:15:44.445Z"}
{"level":"info","message":">>>>>> ROLLBACK TRANSACTION","timestamp":"2024-07-02T13:15:44.445Z"}

{"level":"info","message":{"data":{"email":"hello","name":"haha","something":"20"},"name":"RegisterUniquePerson","type":"request"},"timestamp":"2024-07-02T13:17:54.547Z"}
{"level":"info","message":">>>>>> START    TRANSACTION","timestamp":"2024-07-02T13:17:54.568Z"}
{"level":"info","message":{"data":{"email":"hello"},"name":"FindOnePersonByEmail","type":"request"},"timestamp":"2024-07-02T13:17:54.569Z"}
{"level":"info","message":{"data":null,"name":"FindOnePersonByEmail","type":"response"},"timestamp":"2024-07-02T13:17:54.574Z"}
{"level":"info","message":{"name":"GenerateRandomId","type":"request"},"timestamp":"2024-07-02T13:17:54.574Z"}
{"level":"info","message":{"data":"ed4d1f3c-7c6e-41d3-abe6-bbf45f702aac","name":"GenerateRandomId","type":"response"},"timestamp":"2024-07-02T13:17:54.576Z"}
{"level":"info","message":{"data":{"email":"hello","id":"ed4d1f3c-7c6e-41d3-abe6-bbf45f702aac","name":"haha"},"name":"SavePerson","type":"request"},"timestamp":"2024-07-02T13:17:54.577Z"}
{"level":"info","message":{"name":"SavePerson","type":"response"},"timestamp":"2024-07-02T13:17:54.586Z"}
{"level":"info","message":">>>>>> COMMIT   TRANSACTION","timestamp":"2024-07-02T13:17:54.586Z"}
{"level":"info","message":{"data":{"person":{"email":"hello","id":"ed4d1f3c-7c6e-41d3-abe6-bbf45f702aac","name":"haha"}},"name":"RegisterUniquePerson","type":"response"},"timestamp":"2024-07-02T13:17:54.591Z"}

{"level":"info","message":">>>>>> START    TRANSACTION","timestamp":"2024-07-02T13:18:46.498Z"}
{"level":"info","message":{"data":{"email":"hello2","name":"haha2","something":"20"},"name":"RegisterUniquePerson","type":"request"},"timestamp":"2024-07-02T13:18:46.499Z"}
{"level":"info","message":{"data":{"email":"hello2"},"name":"FindOnePersonByEmail","type":"request"},"timestamp":"2024-07-02T13:18:46.499Z"}
{"level":"info","message":{"data":null,"name":"FindOnePersonByEmail","type":"response"},"timestamp":"2024-07-02T13:18:46.506Z"}
{"level":"info","message":{"name":"GenerateRandomId","type":"request"},"timestamp":"2024-07-02T13:18:46.506Z"}
{"level":"info","message":{"data":"ae8e3cd7-8aa0-411f-b542-5ff73d91e8ec","name":"GenerateRandomId","type":"response"},"timestamp":"2024-07-02T13:18:46.506Z"}
{"level":"info","message":{"data":{"email":"hello2","id":"ae8e3cd7-8aa0-411f-b542-5ff73d91e8ec","name":"haha2"},"name":"SavePerson","type":"request"},"timestamp":"2024-07-02T13:18:46.507Z"}
{"level":"info","message":{"name":"SavePerson","type":"response"},"timestamp":"2024-07-02T13:18:46.515Z"}
{"level":"info","message":{"data":{"person":{"email":"hello2","id":"ae8e3cd7-8aa0-411f-b542-5ff73d91e8ec","name":"haha2"}},"name":"RegisterUniquePerson","type":"response"},"timestamp":"2024-07-02T13:18:46.515Z"}
{"level":"info","message":">>>>>> COMMIT   TRANSACTION","timestamp":"2024-07-02T13:18:46.515Z"}
